2023-09-22T10:01:48+00:00 CRITICAL syntax error, unexpected variable "$items", expecting ")" in C:\Users\Ambre\Local Sites\planty\app\public\wp-content\themes\child-astra\functions.php on line 11

2023-09-22T10:01:48+00:00 CRITICAL syntax error, unexpected variable "$items", expecting ")" in C:\Users\Ambre\Local Sites\planty\app\public\wp-content\themes\child-astra\functions.php on line 11

2023-09-22T15:32:14+00:00 CRITICAL Uncaught TypeError: call_user_func_array(): Argument #1 ($callback) must be a valid callback, function "string $items, stdClass $args" not found or invalid function name in C:\Users\Ambre\Local Sites\planty\app\public\wp-includes\class-wp-hook.php:312
Stack trace:
#0 C:\Users\Ambre\Local Sites\planty\app\public\wp-includes\plugin.php(205): WP_Hook->apply_filters('<li id="menu-it...', Array)
#1 C:\Users\Ambre\Local Sites\planty\app\public\wp-includes\nav-menu-template.php(267): apply_filters('wp_nav_menu_ite...', '<li id="menu-it...', Object(stdClass))
#2 C:\Users\Ambre\Local Sites\planty\app\public\wp-content\themes\astra\inc\builder\type\header\menu\class-astra-header-menu-component.php(131): wp_nav_menu(Object(stdClass))
#3 C:\Users\Ambre\Local Sites\planty\app\public\wp-content\themes\astra\inc\builder\markup\class-astra-builder-header.php(126): Astra_Header_Menu_Component::menu_markup(1, 'desktop')
#4 C:\Users\Ambre\Local Sites\planty\app\public\wp-includes\class-wp-hook.php(310): Astra_Builder_Header->__call('menu_1', Array)
#5 C:\Users\Ambre\Local Sites\planty\app\public\wp-includes\class-wp-hook.php(334): WP_Hook->apply_filters('', Array)
#6 C:\Users\Ambre\Local Sites\planty\app\public\wp-includes\plugin.php(517): WP_Hook->do_action(Array)
#7 C:\Users\Ambre\Local Sites\planty\app\public\wp-content\themes\astra\template-parts\header\builder\components.php(44): do_action('astra_header_me...', 'desktop')
#8 C:\Users\Ambre\Local Sites\planty\app\public\wp-includes\template.php(787): require('C:\\Users\\Ambre\\...')
#9 C:\Users\Ambre\Local Sites\planty\app\public\wp-includes\template.php(720): load_template('C:\\Users\\Ambre\\...', false, Array)
#10 C:\Users\Ambre\Local Sites\planty\app\public\wp-includes\general-template.php(206): locate_template(Array, true, false, Array)
#11 C:\Users\Ambre\Local Sites\planty\app\public\wp-content\themes\astra\inc\core\builder\class-astra-builder-helper.php(932): get_template_part('template-parts/...', '', Array)
#12 C:\Users\Ambre\Local Sites\planty\app\public\wp-content\themes\astra\inc\builder\markup\class-astra-builder-header.php(234): Astra_Builder_Helper::render_builder_markup('primary', 'right', 'desktop', 'header')
#13 C:\Users\Ambre\Local Sites\planty\app\public\wp-includes\class-wp-hook.php(310): Astra_Builder_Header->render_column('primary', 'right')
#14 C:\Users\Ambre\Local Sites\planty\app\public\wp-includes\class-wp-hook.php(334): WP_Hook->apply_filters('', Array)
#15 C:\Users\Ambre\Local Sites\planty\app\public\wp-includes\plugin.php(517): WP_Hook->do_action(Array)
#16 C:\Users\Ambre\Local Sites\planty\app\public\wp-content\themes\astra\template-parts\header\builder\header-row.php(84): do_action('astra_render_he...', 'primary', 'right')
#17 C:\Users\Ambre\Local Sites\planty\app\public\wp-includes\template.php(787): require('C:\\Users\\Ambre\\...')
#18 C:\Users\Ambre\Local Sites\planty\app\public\wp-includes\template.php(720): load_template('C:\\Users\\Ambre\\...', false, Array)
#19 C:\Users\Ambre\Local Sites\planty\app\public\wp-includes\general-template.php(206): locate_template(Array, true, false, Array)
#20 C:\Users\Ambre\Local Sites\planty\app\public\wp-content\themes\astra\inc\builder\markup\class-astra-builder-header.php(282): get_template_part('template-parts/...', 'row', Array)
#21 C:\Users\Ambre\Local Sites\planty\app\public\wp-includes\class-wp-hook.php(310): Astra_Builder_Header->primary_header('')
#22 C:\Users\Ambre\Local Sites\planty\app\public\wp-includes\class-wp-hook.php(334): WP_Hook->apply_filters('', Array)
#23 C:\Users\Ambre\Local Sites\planty\app\public\wp-includes\plugin.php(517): WP_Hook->do_action(Array)
#24 C:\Users\Ambre\Local Sites\planty\app\public\wp-content\themes\astra\template-parts\header\builder\desktop-builder-layout.php(27): do_action('astra_primary_h...')
#25 C:\Users\Ambre\Local Sites\planty\app\public\wp-includes\template.php(787): require('C:\\Users\\Ambre\\...')
#26 C:\Users\Ambre\Local Sites\planty\app\public\wp-includes\template.php(720): load_template('C:\\Users\\Ambre\\...', false, Array)
#27 C:\Users\Ambre\Local Sites\planty\app\public\wp-includes\general-template.php(206): locate_template(Array, true, false, Array)
#28 C:\Users\Ambre\Local Sites\planty\app\public\wp-content\themes\astra\inc\builder\markup\class-astra-builder-header.php(241): get_template_part('template-parts/...')
#29 C:\Users\Ambre\Local Sites\planty\app\public\wp-includes\class-wp-hook.php(310): Astra_Builder_Header->desktop_header('')
#30 C:\Users\Ambre\Local Sites\planty\app\public\wp-includes\class-wp-hook.php(334): WP_Hook->apply_filters('', Array)
#31 C:\Users\Ambre\Local Sites\planty\app\public\wp-includes\plugin.php(517): WP_Hook->do_action(Array)
#32 C:\Users\Ambre\Local Sites\planty\app\public\wp-content\themes\astra\inc\core\theme-hooks.php(159): do_action('astra_masthead')
#33 C:\Users\Ambre\Local Sites\planty\app\public\wp-content\themes\astra\inc\markup-extras.php(987): astra_masthead()
#34 C:\Users\Ambre\Local Sites\planty\app\public\wp-includes\class-wp-hook.php(310): astra_header_markup('')
#35 C:\Users\Ambre\Local Sites\planty\app\public\wp-includes\class-wp-hook.php(334): WP_Hook->apply_filters(NULL, Array)
#36 C:\Users\Ambre\Local Sites\planty\app\public\wp-includes\plugin.php(517): WP_Hook->do_action(Array)
#37 C:\Users\Ambre\Local Sites\planty\app\public\wp-content\themes\astra\inc\core\theme-hooks.php(145): do_action('astra_header')
#38 C:\Users\Ambre\Local Sites\planty\app\public\wp-content\themes\child-astra\header.php(61): astra_header()
#39 C:\Users\Ambre\Local Sites\planty\app\public\wp-includes\template.php(785): require_once('C:\\Users\\Ambre\\...')
#40 C:\Users\Ambre\Local Sites\planty\app\public\wp-includes\template.php(720): load_template('C:\\Users\\Ambre\\...', true, Array)
#41 C:\Users\Ambre\Local Sites\planty\app\public\wp-includes\general-template.php(48): locate_template(Array, true, true, Array)
#42 C:\Users\Ambre\Local Sites\planty\app\public\wp-content\themes\astra\page.php(20): get_header()
#43 C:\Users\Ambre\Local Sites\planty\app\public\wp-includes\template-loader.php(106): include('C:\\Users\\Ambre\\...')
#44 C:\Users\Ambre\Local Sites\planty\app\public\wp-blog-header.php(19): require_once('C:\\Users\\Ambre\\...')
#45 C:\Users\Ambre\Local Sites\planty\app\public\index.php(17): require('C:\\Users\\Ambre\\...')
#46 {main}
  thrown in C:\Users\Ambre\Local Sites\planty\app\public\wp-includes\class-wp-hook.php on line 312

2023-09-22T15:32:36+00:00 CRITICAL Uncaught ArgumentCountError: Too few arguments to function add_extra_item_to_nav_menu(), 1 passed in C:\Users\Ambre\Local Sites\planty\app\public\wp-includes\class-wp-hook.php on line 312 and exactly 2 expected in C:\Users\Ambre\Local Sites\planty\app\public\wp-content\themes\child-astra\functions.php:12
Stack trace:
#0 C:\Users\Ambre\Local Sites\planty\app\public\wp-includes\class-wp-hook.php(312): add_extra_item_to_nav_menu('<li id="menu-it...')
#1 C:\Users\Ambre\Local Sites\planty\app\public\wp-includes\plugin.php(205): WP_Hook->apply_filters('<li id="menu-it...', Array)
#2 C:\Users\Ambre\Local Sites\planty\app\public\wp-includes\nav-menu-template.php(267): apply_filters('wp_nav_menu_ite...', '<li id="menu-it...', Object(stdClass))
#3 C:\Users\Ambre\Local Sites\planty\app\public\wp-content\themes\astra\inc\builder\type\header\menu\class-astra-header-menu-component.php(131): wp_nav_menu(Object(stdClass))
#4 C:\Users\Ambre\Local Sites\planty\app\public\wp-content\themes\astra\inc\builder\markup\class-astra-builder-header.php(126): Astra_Header_Menu_Component::menu_markup(1, 'desktop')
#5 C:\Users\Ambre\Local Sites\planty\app\public\wp-includes\class-wp-hook.php(310): Astra_Builder_Header->__call('menu_1', Array)
#6 C:\Users\Ambre\Local Sites\planty\app\public\wp-includes\class-wp-hook.php(334): WP_Hook->apply_filters('', Array)
#7 C:\Users\Ambre\Local Sites\planty\app\public\wp-includes\plugin.php(517): WP_Hook->do_action(Array)
#8 C:\Users\Ambre\Local Sites\planty\app\public\wp-content\themes\astra\template-parts\header\builder\components.php(44): do_action('astra_header_me...', 'desktop')
#9 C:\Users\Ambre\Local Sites\planty\app\public\wp-includes\template.php(787): require('C:\\Users\\Ambre\\...')
#10 C:\Users\Ambre\Local Sites\planty\app\public\wp-includes\template.php(720): load_template('C:\\Users\\Ambre\\...', false, Array)
#11 C:\Users\Ambre\Local Sites\planty\app\public\wp-includes\general-template.php(206): locate_template(Array, true, false, Array)
#12 C:\Users\Ambre\Local Sites\planty\app\public\wp-content\themes\astra\inc\core\builder\class-astra-builder-helper.php(932): get_template_part('template-parts/...', '', Array)
#13 C:\Users\Ambre\Local Sites\planty\app\public\wp-content\themes\astra\inc\builder\markup\class-astra-builder-header.php(234): Astra_Builder_Helper::render_builder_markup('primary', 'right', 'desktop', 'header')
#14 C:\Users\Ambre\Local Sites\planty\app\public\wp-includes\class-wp-hook.php(310): Astra_Builder_Header->render_column('primary', 'right')
#15 C:\Users\Ambre\Local Sites\planty\app\public\wp-includes\class-wp-hook.php(334): WP_Hook->apply_filters('', Array)
#16 C:\Users\Ambre\Local Sites\planty\app\public\wp-includes\plugin.php(517): WP_Hook->do_action(Array)
#17 C:\Users\Ambre\Local Sites\planty\app\public\wp-content\themes\astra\template-parts\header\builder\header-row.php(84): do_action('astra_render_he...', 'primary', 'right')
#18 C:\Users\Ambre\Local Sites\planty\app\public\wp-includes\template.php(787): require('C:\\Users\\Ambre\\...')
#19 C:\Users\Ambre\Local Sites\planty\app\public\wp-includes\template.php(720): load_template('C:\\Users\\Ambre\\...', false, Array)
#20 C:\Users\Ambre\Local Sites\planty\app\public\wp-includes\general-template.php(206): locate_template(Array, true, false, Array)
#21 C:\Users\Ambre\Local Sites\planty\app\public\wp-content\themes\astra\inc\builder\markup\class-astra-builder-header.php(282): get_template_part('template-parts/...', 'row', Array)
#22 C:\Users\Ambre\Local Sites\planty\app\public\wp-includes\class-wp-hook.php(310): Astra_Builder_Header->primary_header('')
#23 C:\Users\Ambre\Local Sites\planty\app\public\wp-includes\class-wp-hook.php(334): WP_Hook->apply_filters('', Array)
#24 C:\Users\Ambre\Local Sites\planty\app\public\wp-includes\plugin.php(517): WP_Hook->do_action(Array)
#25 C:\Users\Ambre\Local Sites\planty\app\public\wp-content\themes\astra\template-parts\header\builder\desktop-builder-layout.php(27): do_action('astra_primary_h...')
#26 C:\Users\Ambre\Local Sites\planty\app\public\wp-includes\template.php(787): require('C:\\Users\\Ambre\\...')
#27 C:\Users\Ambre\Local Sites\planty\app\public\wp-includes\template.php(720): load_template('C:\\Users\\Ambre\\...', false, Array)
#28 C:\Users\Ambre\Local Sites\planty\app\public\wp-includes\general-template.php(206): locate_template(Array, true, false, Array)
#29 C:\Users\Ambre\Local Sites\planty\app\public\wp-content\themes\astra\inc\builder\markup\class-astra-builder-header.php(241): get_template_part('template-parts/...')
#30 C:\Users\Ambre\Local Sites\planty\app\public\wp-includes\class-wp-hook.php(310): Astra_Builder_Header->desktop_header('')
#31 C:\Users\Ambre\Local Sites\planty\app\public\wp-includes\class-wp-hook.php(334): WP_Hook->apply_filters('', Array)
#32 C:\Users\Ambre\Local Sites\planty\app\public\wp-includes\plugin.php(517): WP_Hook->do_action(Array)
#33 C:\Users\Ambre\Local Sites\planty\app\public\wp-content\themes\astra\inc\core\theme-hooks.php(159): do_action('astra_masthead')
#34 C:\Users\Ambre\Local Sites\planty\app\public\wp-content\themes\astra\inc\markup-extras.php(987): astra_masthead()
#35 C:\Users\Ambre\Local Sites\planty\app\public\wp-includes\class-wp-hook.php(310): astra_header_markup('')
#36 C:\Users\Ambre\Local Sites\planty\app\public\wp-includes\class-wp-hook.php(334): WP_Hook->apply_filters(NULL, Array)
#37 C:\Users\Ambre\Local Sites\planty\app\public\wp-includes\plugin.php(517): WP_Hook->do_action(Array)
#38 C:\Users\Ambre\Local Sites\planty\app\public\wp-content\themes\astra\inc\core\theme-hooks.php(145): do_action('astra_header')
#39 C:\Users\Ambre\Local Sites\planty\app\public\wp-content\themes\child-astra\header.php(61): astra_header()
#40 C:\Users\Ambre\Local Sites\planty\app\public\wp-includes\template.php(785): require_once('C:\\Users\\Ambre\\...')
#41 C:\Users\Ambre\Local Sites\planty\app\public\wp-includes\template.php(720): load_template('C:\\Users\\Ambre\\...', true, Array)
#42 C:\Users\Ambre\Local Sites\planty\app\public\wp-includes\general-template.php(48): locate_template(Array, true, true, Array)
#43 C:\Users\Ambre\Local Sites\planty\app\public\wp-content\themes\astra\page.php(20): get_header()
#44 C:\Users\Ambre\Local Sites\planty\app\public\wp-includes\template-loader.php(106): include('C:\\Users\\Ambre\\...')
#45 C:\Users\Ambre\Local Sites\planty\app\public\wp-blog-header.php(19): require_once('C:\\Users\\Ambre\\...')
#46 C:\Users\Ambre\Local Sites\planty\app\public\index.php(17): require('C:\\Users\\Ambre\\...')
#47 {main}
  thrown in C:\Users\Ambre\Local Sites\planty\app\public\wp-content\themes\child-astra\functions.php on line 12

2023-09-22T15:32:49+00:00 CRITICAL Uncaught ArgumentCountError: Too few arguments to function add_extra_item_to_nav_menu(), 1 passed in C:\Users\Ambre\Local Sites\planty\app\public\wp-includes\class-wp-hook.php on line 312 and exactly 2 expected in C:\Users\Ambre\Local Sites\planty\app\public\wp-content\themes\child-astra\functions.php:12
Stack trace:
#0 C:\Users\Ambre\Local Sites\planty\app\public\wp-includes\class-wp-hook.php(312): add_extra_item_to_nav_menu('<li id="menu-it...')
#1 C:\Users\Ambre\Local Sites\planty\app\public\wp-includes\plugin.php(205): WP_Hook->apply_filters('<li id="menu-it...', Array)
#2 C:\Users\Ambre\Local Sites\planty\app\public\wp-includes\nav-menu-template.php(267): apply_filters('wp_nav_menu_ite...', '<li id="menu-it...', Object(stdClass))
#3 C:\Users\Ambre\Local Sites\planty\app\public\wp-content\themes\astra\inc\builder\type\header\menu\class-astra-header-menu-component.php(131): wp_nav_menu(Object(stdClass))
#4 C:\Users\Ambre\Local Sites\planty\app\public\wp-content\themes\astra\inc\builder\markup\class-astra-builder-header.php(126): Astra_Header_Menu_Component::menu_markup(1, 'desktop')
#5 C:\Users\Ambre\Local Sites\planty\app\public\wp-includes\class-wp-hook.php(310): Astra_Builder_Header->__call('menu_1', Array)
#6 C:\Users\Ambre\Local Sites\planty\app\public\wp-includes\class-wp-hook.php(334): WP_Hook->apply_filters('', Array)
#7 C:\Users\Ambre\Local Sites\planty\app\public\wp-includes\plugin.php(517): WP_Hook->do_action(Array)
#8 C:\Users\Ambre\Local Sites\planty\app\public\wp-content\themes\astra\template-parts\header\builder\components.php(44): do_action('astra_header_me...', 'desktop')
#9 C:\Users\Ambre\Local Sites\planty\app\public\wp-includes\template.php(787): require('C:\\Users\\Ambre\\...')
#10 C:\Users\Ambre\Local Sites\planty\app\public\wp-includes\template.php(720): load_template('C:\\Users\\Ambre\\...', false, Array)
#11 C:\Users\Ambre\Local Sites\planty\app\public\wp-includes\general-template.php(206): locate_template(Array, true, false, Array)
#12 C:\Users\Ambre\Local Sites\planty\app\public\wp-content\themes\astra\inc\core\builder\class-astra-builder-helper.php(932): get_template_part('template-parts/...', '', Array)
#13 C:\Users\Ambre\Local Sites\planty\app\public\wp-content\themes\astra\inc\builder\markup\class-astra-builder-header.php(234): Astra_Builder_Helper::render_builder_markup('primary', 'right', 'desktop', 'header')
#14 C:\Users\Ambre\Local Sites\planty\app\public\wp-includes\class-wp-hook.php(310): Astra_Builder_Header->render_column('primary', 'right')
#15 C:\Users\Ambre\Local Sites\planty\app\public\wp-includes\class-wp-hook.php(334): WP_Hook->apply_filters('', Array)
#16 C:\Users\Ambre\Local Sites\planty\app\public\wp-includes\plugin.php(517): WP_Hook->do_action(Array)
#17 C:\Users\Ambre\Local Sites\planty\app\public\wp-content\themes\astra\template-parts\header\builder\header-row.php(84): do_action('astra_render_he...', 'primary', 'right')
#18 C:\Users\Ambre\Local Sites\planty\app\public\wp-includes\template.php(787): require('C:\\Users\\Ambre\\...')
#19 C:\Users\Ambre\Local Sites\planty\app\public\wp-includes\template.php(720): load_template('C:\\Users\\Ambre\\...', false, Array)
#20 C:\Users\Ambre\Local Sites\planty\app\public\wp-includes\general-template.php(206): locate_template(Array, true, false, Array)
#21 C:\Users\Ambre\Local Sites\planty\app\public\wp-content\themes\astra\inc\builder\markup\class-astra-builder-header.php(282): get_template_part('template-parts/...', 'row', Array)
#22 C:\Users\Ambre\Local Sites\planty\app\public\wp-includes\class-wp-hook.php(310): Astra_Builder_Header->primary_header('')
#23 C:\Users\Ambre\Local Sites\planty\app\public\wp-includes\class-wp-hook.php(334): WP_Hook->apply_filters('', Array)
#24 C:\Users\Ambre\Local Sites\planty\app\public\wp-includes\plugin.php(517): WP_Hook->do_action(Array)
#25 C:\Users\Ambre\Local Sites\planty\app\public\wp-content\themes\astra\template-parts\header\builder\desktop-builder-layout.php(27): do_action('astra_primary_h...')
#26 C:\Users\Ambre\Local Sites\planty\app\public\wp-includes\template.php(787): require('C:\\Users\\Ambre\\...')
#27 C:\Users\Ambre\Local Sites\planty\app\public\wp-includes\template.php(720): load_template('C:\\Users\\Ambre\\...', false, Array)
#28 C:\Users\Ambre\Local Sites\planty\app\public\wp-includes\general-template.php(206): locate_template(Array, true, false, Array)
#29 C:\Users\Ambre\Local Sites\planty\app\public\wp-content\themes\astra\inc\builder\markup\class-astra-builder-header.php(241): get_template_part('template-parts/...')
#30 C:\Users\Ambre\Local Sites\planty\app\public\wp-includes\class-wp-hook.php(310): Astra_Builder_Header->desktop_header('')
#31 C:\Users\Ambre\Local Sites\planty\app\public\wp-includes\class-wp-hook.php(334): WP_Hook->apply_filters('', Array)
#32 C:\Users\Ambre\Local Sites\planty\app\public\wp-includes\plugin.php(517): WP_Hook->do_action(Array)
#33 C:\Users\Ambre\Local Sites\planty\app\public\wp-content\themes\astra\inc\core\theme-hooks.php(159): do_action('astra_masthead')
#34 C:\Users\Ambre\Local Sites\planty\app\public\wp-content\themes\astra\inc\markup-extras.php(987): astra_masthead()
#35 C:\Users\Ambre\Local Sites\planty\app\public\wp-includes\class-wp-hook.php(310): astra_header_markup('')
#36 C:\Users\Ambre\Local Sites\planty\app\public\wp-includes\class-wp-hook.php(334): WP_Hook->apply_filters(NULL, Array)
#37 C:\Users\Ambre\Local Sites\planty\app\public\wp-includes\plugin.php(517): WP_Hook->do_action(Array)
#38 C:\Users\Ambre\Local Sites\planty\app\public\wp-content\themes\astra\inc\core\theme-hooks.php(145): do_action('astra_header')
#39 C:\Users\Ambre\Local Sites\planty\app\public\wp-content\themes\child-astra\header.php(61): astra_header()
#40 C:\Users\Ambre\Local Sites\planty\app\public\wp-includes\template.php(785): require_once('C:\\Users\\Ambre\\...')
#41 C:\Users\Ambre\Local Sites\planty\app\public\wp-includes\template.php(720): load_template('C:\\Users\\Ambre\\...', true, Array)
#42 C:\Users\Ambre\Local Sites\planty\app\public\wp-includes\general-template.php(48): locate_template(Array, true, true, Array)
#43 C:\Users\Ambre\Local Sites\planty\app\public\wp-content\themes\astra\page.php(20): get_header()
#44 C:\Users\Ambre\Local Sites\planty\app\public\wp-includes\template-loader.php(106): include('C:\\Users\\Ambre\\...')
#45 C:\Users\Ambre\Local Sites\planty\app\public\wp-blog-header.php(19): require_once('C:\\Users\\Ambre\\...')
#46 C:\Users\Ambre\Local Sites\planty\app\public\index.php(17): require('C:\\Users\\Ambre\\...')
#47 {main}
  thrown in C:\Users\Ambre\Local Sites\planty\app\public\wp-content\themes\child-astra\functions.php on line 12

2023-09-22T15:33:01+00:00 CRITICAL Uncaught TypeError: call_user_func_array(): Argument #1 ($callback) must be a valid callback, function "string $items, stdClass $args" not found or invalid function name in C:\Users\Ambre\Local Sites\planty\app\public\wp-includes\class-wp-hook.php:310
Stack trace:
#0 C:\Users\Ambre\Local Sites\planty\app\public\wp-includes\plugin.php(205): WP_Hook->apply_filters('<li id="menu-it...', Array)
#1 C:\Users\Ambre\Local Sites\planty\app\public\wp-includes\nav-menu-template.php(267): apply_filters('wp_nav_menu_ite...', '<li id="menu-it...', Object(stdClass))
#2 C:\Users\Ambre\Local Sites\planty\app\public\wp-content\themes\astra\inc\builder\type\header\menu\class-astra-header-menu-component.php(131): wp_nav_menu(Object(stdClass))
#3 C:\Users\Ambre\Local Sites\planty\app\public\wp-content\themes\astra\inc\builder\markup\class-astra-builder-header.php(126): Astra_Header_Menu_Component::menu_markup(1, 'desktop')
#4 C:\Users\Ambre\Local Sites\planty\app\public\wp-includes\class-wp-hook.php(310): Astra_Builder_Header->__call('menu_1', Array)
#5 C:\Users\Ambre\Local Sites\planty\app\public\wp-includes\class-wp-hook.php(334): WP_Hook->apply_filters('', Array)
#6 C:\Users\Ambre\Local Sites\planty\app\public\wp-includes\plugin.php(517): WP_Hook->do_action(Array)
#7 C:\Users\Ambre\Local Sites\planty\app\public\wp-content\themes\astra\template-parts\header\builder\components.php(44): do_action('astra_header_me...', 'desktop')
#8 C:\Users\Ambre\Local Sites\planty\app\public\wp-includes\template.php(787): require('C:\\Users\\Ambre\\...')
#9 C:\Users\Ambre\Local Sites\planty\app\public\wp-includes\template.php(720): load_template('C:\\Users\\Ambre\\...', false, Array)
#10 C:\Users\Ambre\Local Sites\planty\app\public\wp-includes\general-template.php(206): locate_template(Array, true, false, Array)
#11 C:\Users\Ambre\Local Sites\planty\app\public\wp-content\themes\astra\inc\core\builder\class-astra-builder-helper.php(932): get_template_part('template-parts/...', '', Array)
#12 C:\Users\Ambre\Local Sites\planty\app\public\wp-content\themes\astra\inc\builder\markup\class-astra-builder-header.php(234): Astra_Builder_Helper::render_builder_markup('primary', 'right', 'desktop', 'header')
#13 C:\Users\Ambre\Local Sites\planty\app\public\wp-includes\class-wp-hook.php(310): Astra_Builder_Header->render_column('primary', 'right')
#14 C:\Users\Ambre\Local Sites\planty\app\public\wp-includes\class-wp-hook.php(334): WP_Hook->apply_filters('', Array)
#15 C:\Users\Ambre\Local Sites\planty\app\public\wp-includes\plugin.php(517): WP_Hook->do_action(Array)
#16 C:\Users\Ambre\Local Sites\planty\app\public\wp-content\themes\astra\template-parts\header\builder\header-row.php(84): do_action('astra_render_he...', 'primary', 'right')
#17 C:\Users\Ambre\Local Sites\planty\app\public\wp-includes\template.php(787): require('C:\\Users\\Ambre\\...')
#18 C:\Users\Ambre\Local Sites\planty\app\public\wp-includes\template.php(720): load_template('C:\\Users\\Ambre\\...', false, Array)
#19 C:\Users\Ambre\Local Sites\planty\app\public\wp-includes\general-template.php(206): locate_template(Array, true, false, Array)
#20 C:\Users\Ambre\Local Sites\planty\app\public\wp-content\themes\astra\inc\builder\markup\class-astra-builder-header.php(282): get_template_part('template-parts/...', 'row', Array)
#21 C:\Users\Ambre\Local Sites\planty\app\public\wp-includes\class-wp-hook.php(310): Astra_Builder_Header->primary_header('')
#22 C:\Users\Ambre\Local Sites\planty\app\public\wp-includes\class-wp-hook.php(334): WP_Hook->apply_filters('', Array)
#23 C:\Users\Ambre\Local Sites\planty\app\public\wp-includes\plugin.php(517): WP_Hook->do_action(Array)
#24 C:\Users\Ambre\Local Sites\planty\app\public\wp-content\themes\astra\template-parts\header\builder\desktop-builder-layout.php(27): do_action('astra_primary_h...')
#25 C:\Users\Ambre\Local Sites\planty\app\public\wp-includes\template.php(787): require('C:\\Users\\Ambre\\...')
#26 C:\Users\Ambre\Local Sites\planty\app\public\wp-includes\template.php(720): load_template('C:\\Users\\Ambre\\...', false, Array)
#27 C:\Users\Ambre\Local Sites\planty\app\public\wp-includes\general-template.php(206): locate_template(Array, true, false, Array)
#28 C:\Users\Ambre\Local Sites\planty\app\public\wp-content\themes\astra\inc\builder\markup\class-astra-builder-header.php(241): get_template_part('template-parts/...')
#29 C:\Users\Ambre\Local Sites\planty\app\public\wp-includes\class-wp-hook.php(310): Astra_Builder_Header->desktop_header('')
#30 C:\Users\Ambre\Local Sites\planty\app\public\wp-includes\class-wp-hook.php(334): WP_Hook->apply_filters('', Array)
#31 C:\Users\Ambre\Local Sites\planty\app\public\wp-includes\plugin.php(517): WP_Hook->do_action(Array)
#32 C:\Users\Ambre\Local Sites\planty\app\public\wp-content\themes\astra\inc\core\theme-hooks.php(159): do_action('astra_masthead')
#33 C:\Users\Ambre\Local Sites\planty\app\public\wp-content\themes\astra\inc\markup-extras.php(987): astra_masthead()
#34 C:\Users\Ambre\Local Sites\planty\app\public\wp-includes\class-wp-hook.php(310): astra_header_markup('')
#35 C:\Users\Ambre\Local Sites\planty\app\public\wp-includes\class-wp-hook.php(334): WP_Hook->apply_filters(NULL, Array)
#36 C:\Users\Ambre\Local Sites\planty\app\public\wp-includes\plugin.php(517): WP_Hook->do_action(Array)
#37 C:\Users\Ambre\Local Sites\planty\app\public\wp-content\themes\astra\inc\core\theme-hooks.php(145): do_action('astra_header')
#38 C:\Users\Ambre\Local Sites\planty\app\public\wp-content\themes\child-astra\header.php(61): astra_header()
#39 C:\Users\Ambre\Local Sites\planty\app\public\wp-includes\template.php(785): require_once('C:\\Users\\Ambre\\...')
#40 C:\Users\Ambre\Local Sites\planty\app\public\wp-includes\template.php(720): load_template('C:\\Users\\Ambre\\...', true, Array)
#41 C:\Users\Ambre\Local Sites\planty\app\public\wp-includes\general-template.php(48): locate_template(Array, true, true, Array)
#42 C:\Users\Ambre\Local Sites\planty\app\public\wp-content\themes\astra\page.php(20): get_header()
#43 C:\Users\Ambre\Local Sites\planty\app\public\wp-includes\template-loader.php(106): include('C:\\Users\\Ambre\\...')
#44 C:\Users\Ambre\Local Sites\planty\app\public\wp-blog-header.php(19): require_once('C:\\Users\\Ambre\\...')
#45 C:\Users\Ambre\Local Sites\planty\app\public\index.php(17): require('C:\\Users\\Ambre\\...')
#46 {main}
  thrown in C:\Users\Ambre\Local Sites\planty\app\public\wp-includes\class-wp-hook.php on line 310

